<?xml version="1.0" encoding="UTF-8"?>
<!-- Generated by org.testng.reporters.JUnitXMLReporter -->
<testsuite ignored="0" hostname="User-225" failures="1" tests="1" name="Test" time="0.303" errors="0" timestamp="2025-02-05T13:03:22 IST">
  <testcase classname="TestCases.TC001_LaunchApplication" name="checkUrlTest" time="0.0">
    <failure type="org.testng.TestNGException" message="
Parameter &amp;apos;browser&amp;apos; is required by @Test on method checkUrlTest but has not been marked @Optional or defined
in C:\Users\prayog.muddasani\eclipse-workspace\FibreZ_QA_Selenium_Grid\testng.xml">
      <![CDATA[org.testng.TestNGException: 
Parameter 'browser' is required by @Test on method checkUrlTest but has not been marked @Optional or defined
in C:\Users\prayog.muddasani\eclipse-workspace\FibreZ_QA_Selenium_Grid\testng.xml
at java.base/java.util.ArrayList.forEach(ArrayList.java:1596)
... Removed 26 stack frames]]>
    </failure>
  </testcase> <!-- checkUrlTest -->
</testsuite> <!-- Test -->
